CRITICAL - 2025-04-10 19:55:37 --> ErrorException: include(header.php): Failed to open stream: No such file or directory
[Method: GET, Route: actualites]
in APPPATH\Views\actualites.php on line 15.
 1 APPPATH\Views\actualites.php(15): CodeIgniter\Debug\Exceptions->errorHandler(2, 'include(header.php): Failed to open stream: No such file or directory', 'C:\\xampp\\htdocs\\Asunicaco\\Backend\\app\\Views\\actualites.php', 15)
 2 APPPATH\Views\actualites.php(15): include()
 3 SYSTEMPATH\View\View.php(234): include('C:\\xampp\\htdocs\\Asunicaco\\Backend\\app\\Views\\actualites.php')
 4 SYSTEMPATH\View\View.php(237): CodeIgniter\View\View->CodeIgniter\View\{closure}()
 5 SYSTEMPATH\Common.php(1171): CodeIgniter\View\View->render('actualites', [], true)
 6 APPPATH\Controllers\Home.php(21): view('actualites')
 7 SYSTEMPATH\CodeIgniter.php(933): App\Controllers\Home->actualites()
 8 SYSTEMPATH\CodeIgniter.php(509): CodeIgniter\CodeIgniter->runController(Object(App\Controllers\Home))
 9 SYSTEMPATH\CodeIgniter.php(355): CodeIgniter\CodeIgniter->handleRequest(null, Object(Config\Cache), false)
10 SYSTEMPATH\Boot.php(312): CodeIgniter\CodeIgniter->run()
11 SYSTEMPATH\Boot.php(67): CodeIgniter\Boot::runCodeIgniter(Object(CodeIgniter\CodeIgniter))
12 FCPATH\index.php(56): CodeIgniter\Boot::bootWeb(Object(Config\Paths))
CRITICAL - 2025-04-10 19:56:06 --> ErrorException: include(header.php): Failed to open stream: No such file or directory
[Method: GET, Route: actualites]
in APPPATH\Views\actualites.php on line 15.
 1 APPPATH\Views\actualites.php(15): CodeIgniter\Debug\Exceptions->errorHandler(2, 'include(header.php): Failed to open stream: No such file or directory', 'C:\\xampp\\htdocs\\Asunicaco\\Backend\\app\\Views\\actualites.php', 15)
 2 APPPATH\Views\actualites.php(15): include()
 3 SYSTEMPATH\View\View.php(234): include('C:\\xampp\\htdocs\\Asunicaco\\Backend\\app\\Views\\actualites.php')
 4 SYSTEMPATH\View\View.php(237): CodeIgniter\View\View->CodeIgniter\View\{closure}()
 5 SYSTEMPATH\Common.php(1171): CodeIgniter\View\View->render('actualites', [], true)
 6 APPPATH\Controllers\Home.php(21): view('actualites')
 7 SYSTEMPATH\CodeIgniter.php(933): App\Controllers\Home->actualites()
 8 SYSTEMPATH\CodeIgniter.php(509): CodeIgniter\CodeIgniter->runController(Object(App\Controllers\Home))
 9 SYSTEMPATH\CodeIgniter.php(355): CodeIgniter\CodeIgniter->handleRequest(null, Object(Config\Cache), false)
10 SYSTEMPATH\Boot.php(312): CodeIgniter\CodeIgniter->run()
11 SYSTEMPATH\Boot.php(67): CodeIgniter\Boot::runCodeIgniter(Object(CodeIgniter\CodeIgniter))
12 FCPATH\index.php(56): CodeIgniter\Boot::bootWeb(Object(Config\Paths))
CRITICAL - 2025-04-10 19:56:07 --> ErrorException: include(header.php): Failed to open stream: No such file or directory
[Method: GET, Route: actualites]
in APPPATH\Views\actualites.php on line 15.
 1 APPPATH\Views\actualites.php(15): CodeIgniter\Debug\Exceptions->errorHandler(2, 'include(header.php): Failed to open stream: No such file or directory', 'C:\\xampp\\htdocs\\Asunicaco\\Backend\\app\\Views\\actualites.php', 15)
 2 APPPATH\Views\actualites.php(15): include()
 3 SYSTEMPATH\View\View.php(234): include('C:\\xampp\\htdocs\\Asunicaco\\Backend\\app\\Views\\actualites.php')
 4 SYSTEMPATH\View\View.php(237): CodeIgniter\View\View->CodeIgniter\View\{closure}()
 5 SYSTEMPATH\Common.php(1171): CodeIgniter\View\View->render('actualites', [], true)
 6 APPPATH\Controllers\Home.php(21): view('actualites')
 7 SYSTEMPATH\CodeIgniter.php(933): App\Controllers\Home->actualites()
 8 SYSTEMPATH\CodeIgniter.php(509): CodeIgniter\CodeIgniter->runController(Object(App\Controllers\Home))
 9 SYSTEMPATH\CodeIgniter.php(355): CodeIgniter\CodeIgniter->handleRequest(null, Object(Config\Cache), false)
10 SYSTEMPATH\Boot.php(312): CodeIgniter\CodeIgniter->run()
11 SYSTEMPATH\Boot.php(67): CodeIgniter\Boot::runCodeIgniter(Object(CodeIgniter\CodeIgniter))
12 FCPATH\index.php(56): CodeIgniter\Boot::bootWeb(Object(Config\Paths))
CRITICAL - 2025-04-10 20:03:11 --> ErrorException: include(header.php): Failed to open stream: No such file or directory
[Method: GET, Route: provinces]
in APPPATH\Views\provinces.php on line 15.
 1 APPPATH\Views\provinces.php(15): CodeIgniter\Debug\Exceptions->errorHandler(2, 'include(header.php): Failed to open stream: No such file or directory', 'C:\\xampp\\htdocs\\Asunicaco\\Backend\\app\\Views\\provinces.php', 15)
 2 APPPATH\Views\provinces.php(15): include()
 3 SYSTEMPATH\View\View.php(234): include('C:\\xampp\\htdocs\\Asunicaco\\Backend\\app\\Views\\provinces.php')
 4 SYSTEMPATH\View\View.php(237): CodeIgniter\View\View->CodeIgniter\View\{closure}()
 5 SYSTEMPATH\Common.php(1171): CodeIgniter\View\View->render('provinces', [], true)
 6 APPPATH\Controllers\Home.php(25): view('provinces')
 7 SYSTEMPATH\CodeIgniter.php(933): App\Controllers\Home->provinces()
 8 SYSTEMPATH\CodeIgniter.php(509): CodeIgniter\CodeIgniter->runController(Object(App\Controllers\Home))
 9 SYSTEMPATH\CodeIgniter.php(355): CodeIgniter\CodeIgniter->handleRequest(null, Object(Config\Cache), false)
10 SYSTEMPATH\Boot.php(312): CodeIgniter\CodeIgniter->run()
11 SYSTEMPATH\Boot.php(67): CodeIgniter\Boot::runCodeIgniter(Object(CodeIgniter\CodeIgniter))
12 FCPATH\index.php(56): CodeIgniter\Boot::bootWeb(Object(Config\Paths))
CRITICAL - 2025-04-10 20:12:49 --> CodeIgniter\View\Exceptions\ViewException: Fichier non valide : accueil.php
[Method: GET, Route: /]
in SYSTEMPATH\Exceptions\FrameworkException.php on line 41.
 1 SYSTEMPATH\View\View.php(222): CodeIgniter\Exceptions\FrameworkException::forInvalidFile('accueil.php')
 2 SYSTEMPATH\Common.php(1171): CodeIgniter\View\View->render('accueil', [], true)
 3 APPPATH\Controllers\Home.php(9): view('accueil')
 4 SYSTEMPATH\CodeIgniter.php(933): App\Controllers\Home->index()
 5 SYSTEMPATH\CodeIgniter.php(509): CodeIgniter\CodeIgniter->runController(Object(App\Controllers\Home))
 6 SYSTEMPATH\CodeIgniter.php(355): CodeIgniter\CodeIgniter->handleRequest(null, Object(Config\Cache), false)
 7 SYSTEMPATH\Boot.php(312): CodeIgniter\CodeIgniter->run()
 8 SYSTEMPATH\Boot.php(67): CodeIgniter\Boot::runCodeIgniter(Object(CodeIgniter\CodeIgniter))
 9 FCPATH\index.php(56): CodeIgniter\Boot::bootWeb(Object(Config\Paths))
